Using pre-set license
Built from '2020.2/release' branch; Version is '2020.2.1f1 (270dd8c3da1c) revision 2559448'; Using compiler version '192528614'; Build Type 'Release'
OS: 'Windows 10  (10.0.0) 64bit' Language: 'en' Physical Memory: 16317 MB
BatchMode: 1, IsHumanControllingUs: 0, StartBugReporterOnCrash: 0, Is64bit: 1, IsPro: 0

 COMMAND LINE ARGUMENTS:
C:\Program Files\Unity\Hub\Editor\2020.2.1f1\Editor\Unity.exe
-adb2
-batchMode
-noUpm
-name
AssetImportWorker0
-projectPath
D:/Unity/Multimediji
-logFile
Logs/AssetImportWorker0.log
-srvPort
49864
Successfully changed project path to: D:/Unity/Multimediji
D:/Unity/Multimediji
Using Asset Import Pipeline V2.
Refreshing native plugins compatible for Editor in 25.50 ms, found 1 plugins.
Preloading 0 native plugins for Editor in 0.00 ms.
Initialize engine version: 2020.2.1f1 (270dd8c3da1c)
[Subsystems] Discovering subsystems at path C:/Program Files/Unity/Hub/Editor/2020.2.1f1/Editor/Data/Resources/UnitySubsystems
[Subsystems] Discovering subsystems at path D:/Unity/Multimediji/Assets
GfxDevice: creating device client; threaded=0
Direct3D:
    Version:  Direct3D 11.0 [level 11.1]
    Renderer: Radeon RX 5500 XT (ID=0x7340)
    Vendor:   
    VRAM:     8151 MB
    Driver:   30.0.13033.1000
Initialize mono
Mono path[0] = 'C:/Program Files/Unity/Hub/Editor/2020.2.1f1/Editor/Data/Managed'
Mono path[1] = 'C:/Program Files/Unity/Hub/Editor/2020.2.1f1/Editor/Data/MonoBleedingEdge/lib/mono/unityjit'
Mono config path = 'C:/Program Files/Unity/Hub/Editor/2020.2.1f1/Editor/Data/MonoBleedingEdge/etc'
Using monoOptions --debugger-agent=transport=dt_socket,embedding=1,server=y,suspend=n,address=127.0.0.1:56916
Begin MonoManager ReloadAssembly
Registering precompiled unity dll's ...
Register platform support module: C:/Program Files/Unity/Hub/Editor/2020.2.1f1/Editor/Data/PlaybackEngines/WindowsStandaloneSupport/UnityEditor.WindowsStandalone.Extensions.dll
Registered in 0.001142 seconds.
Native extension for WindowsStandalone target not found
Refreshing native plugins compatible for Editor in 26.76 ms, found 1 plugins.
Preloading 0 native plugins for Editor in 0.00 ms.
Invoked RoslynAnalysisRunner static constructor.
RoslynAnalysisRunner will not be running.
RoslynAnalysisRunner has terminated.
Mono: successfully reloaded assembly
- Completed reload, in  1.473 seconds
Platform modules already initialized, skipping
Registering precompiled user dll's ...
Registered in 0.000498 seconds.
Begin MonoManager ReloadAssembly
Native extension for WindowsStandalone target not found
Refreshing native plugins compatible for Editor in 28.04 ms, found 1 plugins.
Preloading 0 native plugins for Editor in 0.00 ms.
Invoked RoslynAnalysisRunner static constructor.
RoslynAnalysisRunner will not be running.
RoslynAnalysisRunner has terminated.
Mono: successfully reloaded assembly
- Completed reload, in  0.748 seconds
Platform modules already initialized, skipping
========================================================================
Worker process is ready to serve import requests
Launched and connected shader compiler UnityShaderCompiler.exe after 0.03 seconds
Refreshing native plugins compatible for Editor in 0.39 ms, found 1 plugins.
Preloading 0 native plugins for Editor in 0.00 ms.
Unloading 1816 Unused Serialized files (Serialized files now loaded: 0)
System memory in use before: 101.9 MB.
System memory in use after: 101.7 MB.

Unloading 16 unused Assets to reduce memory usage. Loaded Objects now: 2267.
Total: 2.357100 ms (FindLiveObjects: 0.356800 ms CreateObjectMapping: 0.145000 ms MarkObjects: 1.585700 ms  DeleteObjects: 0.268000 ms)

========================================================================
Received Import Request.
  path: Assets/Scripts/TargetMover.cs
  artifactKey: Guid(2f42b8ec115b54b858bf87bc1cbc3892) Importer(815301076,1909f56bfc062723c751e8b465ee728b)
Start importing Assets/Scripts/TargetMover.cs using Guid(2f42b8ec115b54b858bf87bc1cbc3892) Importer(815301076,1909f56bfc062723c751e8b465ee728b)  -> (artifact id: '070fef36625b402d8ca843e3d16f3003') in 0.046895 seconds
  Import took 0.051490 seconds .

========================================================================
Received Import Request.
  Time since last request: 5.755393 seconds.
  path: Assets/Scripts/TargetExit.cs
  artifactKey: Guid(47af3168550784e3a932e53789748764) Importer(815301076,1909f56bfc062723c751e8b465ee728b)
Start importing Assets/Scripts/TargetExit.cs using Guid(47af3168550784e3a932e53789748764) Importer(815301076,1909f56bfc062723c751e8b465ee728b)  -> (artifact id: '6f7f80e06f29a72cf92b0a24e125be41') in 0.018782 seconds
  Import took 0.021416 seconds .

========================================================================
Received Prepare
Refreshing native plugins compatible for Editor in 1.58 ms, found 1 plugins.
Preloading 0 native plugins for Editor in 0.00 ms.
Unloading 6 Unused Serialized files (Serialized files now loaded: 0)
System memory in use before: 61.0 MB.
System memory in use after: 60.8 MB.

Unloading 6 unused Assets to reduce memory usage. Loaded Objects now: 2267.
Total: 3.619200 ms (FindLiveObjects: 0.282000 ms CreateObjectMapping: 0.081600 ms MarkObjects: 2.586100 ms  DeleteObjects: 0.668300 ms)

========================================================================
Received Import Request.
  Time since last request: 143.725250 seconds.
  path: Assets/Prefabs/Asteroid Negative.prefab
  artifactKey: Guid(55630cf0efd03ad49975624bacc4f33a) Importer(815301076,1909f56bfc062723c751e8b465ee728b)
Start importing Assets/Prefabs/Asteroid Negative.prefab using Guid(55630cf0efd03ad49975624bacc4f33a) Importer(815301076,1909f56bfc062723c751e8b465ee728b)  -> (artifact id: 'e1af86a872b1ade85fa860c1a856fb11') in 0.100016 seconds
  Import took 0.102981 seconds .

========================================================================
Received Import Request.
  Time since last request: 118.505645 seconds.
  path: Assets/Animations/Target Bonus 1.controller
  artifactKey: Guid(046f332d4d56bd042868cafc08787dd2) Importer(815301076,1909f56bfc062723c751e8b465ee728b)
Start importing Assets/Animations/Target Bonus 1.controller using Guid(046f332d4d56bd042868cafc08787dd2) Importer(815301076,1909f56bfc062723c751e8b465ee728b)  -> (artifact id: '52be20f62fee207ff0c2cef36d43fc1f') in 0.019672 seconds
  Import took 0.023107 seconds .

========================================================================
Received Import Request.
  Time since last request: 1.788742 seconds.
  path: Assets/Animations/Target Exit.anim
  artifactKey: Guid(be06468ea81f1a548b3af1f2ce1517d2) Importer(815301076,1909f56bfc062723c751e8b465ee728b)
Start importing Assets/Animations/Target Exit.anim using Guid(be06468ea81f1a548b3af1f2ce1517d2) Importer(815301076,1909f56bfc062723c751e8b465ee728b)  -> (artifact id: '2e867acd95f8c3b37a7f89b487b04fd8') in 0.019238 seconds
  Import took 0.022186 seconds .

========================================================================
Received Import Request.
  Time since last request: 3.981206 seconds.
  path: Assets/Animations
  artifactKey: Guid(8c449a7f7fa3d0146a09d4ca5d5cea2f) Importer(815301076,1909f56bfc062723c751e8b465ee728b)
Start importing Assets/Animations using Guid(8c449a7f7fa3d0146a09d4ca5d5cea2f) Importer(815301076,1909f56bfc062723c751e8b465ee728b)  -> (artifact id: 'c18a53f40b74f8a7910fe86e09292524') in 0.018150 seconds
  Import took 0.022474 seconds .

========================================================================
Received Prepare
Registering precompiled user dll's ...
Registered in 0.001017 seconds.
Begin MonoManager ReloadAssembly
Native extension for WindowsStandalone target not found
Refreshing native plugins compatible for Editor in 0.37 ms, found 1 plugins.
Preloading 0 native plugins for Editor in 0.00 ms.
Invoked RoslynAnalysisRunner static constructor.
RoslynAnalysisRunner will not be running.
RoslynAnalysisRunner has terminated.
Mono: successfully reloaded assembly
- Completed reload, in  0.640 seconds
Platform modules already initialized, skipping
Refreshing native plugins compatible for Editor in 0.32 ms, found 1 plugins.
Preloading 0 native plugins for Editor in 0.00 ms.
Unloading 1727 Unused Serialized files (Serialized files now loaded: 0)
System memory in use before: 99.5 MB.
System memory in use after: 99.3 MB.

Unloading 9 unused Assets to reduce memory usage. Loaded Objects now: 2277.
Total: 1.678100 ms (FindLiveObjects: 0.195500 ms CreateObjectMapping: 0.055500 ms MarkObjects: 1.210600 ms  DeleteObjects: 0.215200 ms)

========================================================================
Received Import Request.
  Time since last request: 280.291944 seconds.
  path: Assets/Photoshop/next lvl 1.psd
  artifactKey: Guid(06d96d90b542f774dad7427ac9359b53) Importer(815301076,1909f56bfc062723c751e8b465ee728b)
Start importing Assets/Photoshop/next lvl 1.psd using Guid(06d96d90b542f774dad7427ac9359b53) Importer(815301076,1909f56bfc062723c751e8b465ee728b)  -> (artifact id: '3d2afb0a464a8cbfb328e27b47cabc57') in 0.052598 seconds
  Import took 0.056919 seconds .

========================================================================
Received Import Request.
  Time since last request: 15.132890 seconds.
  path: Assets/Photoshop/next lvl 1.psd
  artifactKey: Guid(06d96d90b542f774dad7427ac9359b53) Importer(815301076,1909f56bfc062723c751e8b465ee728b)
Start importing Assets/Photoshop/next lvl 1.psd using Guid(06d96d90b542f774dad7427ac9359b53) Importer(815301076,1909f56bfc062723c751e8b465ee728b)  -> (artifact id: 'da5f97d7d036c988e6791da6bf85df63') in 0.035246 seconds
  Import took 0.038488 seconds .

AssetImportWorkerClient::OnTransportError - code=2 error=End of file
